<?xml version="1.0" encoding="UTF-8"?>
<testsuite name="Title of your feature" tests="3" skipped="0" failures="0" errors="0" timestamp="2022-08-26T16:35:20" hostname="Android" time="0.549">
  <properties/>
  <testcase name="Title of your scenario outline #1" classname="Title of your feature" time="0.51"/>
  <testcase name="Title of your scenario outline #2" classname="Title of your feature" time="0.019"/>
  <testcase name="Title of your scenario outline #3" classname="Title of your feature" time="0.019"/>
  <system-out><![CDATA[jenkins
java
jenkins java
devops
java
devops java
docker
java
docker java
]]></system-out>
  <system-err><![CDATA[]]></system-err>
</testsuite>
